<?xml version="1.0" encoding="UTF-8"?>
<!-- Generated by org.testng.reporters.JUnitReportReporter -->
<testsuite hostname="STIPL-SMBL0268" failures="0" tests="1" name="SeleniumFrameWorkDesgin.EndtoEnd.LoginTest" time="10.423" errors="0" timestamp="2024-12-01T23:53:07 IST" skipped="0">
  <testcase classname="SeleniumFrameWorkDesgin.EndtoEnd.LoginTest" name="loginPageInvalidCred" time="10.423"/>
  <system-out/>
</testsuite> <!-- SeleniumFrameWorkDesgin.EndtoEnd.LoginTest -->
