<?xml version="1.0" encoding="UTF-8"?>
<!-- Generated by org.testng.reporters.JUnitReportReporter -->
<testsuite hostname="STIPL-SMBL0268" failures="0" tests="2" name="SeleniumFrameWorkDesgin.Testrun.submitOrderTest" time="35.860" errors="0" timestamp="2024-12-14T00:49:53 IST" skipped="0">
  <testcase classname="SeleniumFrameWorkDesgin.Testrun.submitOrderTest" name="sumbitOrder" time="20.058"/>
  <system-out/>
  <testcase classname="SeleniumFrameWorkDesgin.Testrun.submitOrderTest" name="orderHistory" time="15.802"/>
  <system-out/>
</testsuite> <!-- SeleniumFrameWorkDesgin.Testrun.submitOrderTest -->
