<?xml version="1.0" encoding="UTF-8"?>
<!-- Generated by org.testng.reporters.JUnitReportReporter -->
<testsuite hostname="STIPL-SMBL0268" failures="0" tests="1" name="SeleniumFrameWorkDesgin.EndtoEnd.EndtoEnd" time="25.197" errors="0" timestamp="2024-12-01T23:53:07 IST" skipped="0">
  <testcase classname="SeleniumFrameWorkDesgin.EndtoEnd.EndtoEnd" name="suumbitOrder" time="25.197"/>
  <system-out/>
</testsuite> <!-- SeleniumFrameWorkDesgin.EndtoEnd.EndtoEnd -->
