<?xml version="1.0" encoding="UTF-8"?>
<!-- Generated by org.testng.reporters.JUnitReportReporter -->
<testsuite hostname="STIPL-SMBL0268" failures="0" tests="1" name="SeleniumFrameWorkDesgin.Testrun.EndtoEnd" time="28.798" errors="0" timestamp="2024-12-10T23:22:45 IST" skipped="0">
  <testcase classname="SeleniumFrameWorkDesgin.Testrun.EndtoEnd" name="sumbitOrder" time="28.798"/>
</testsuite> <!-- SeleniumFrameWorkDesgin.Testrun.EndtoEnd -->
